<?xml version="1.0" encoding="UTF-8"?>
<testng-results ignored="0" total="1" passed="1" failed="0" skipped="0">
  <reporter-output>
  </reporter-output>
  <suite started-at="2025-08-27T22:00:43 IST" name="Suite" finished-at="2025-08-27T22:00:50 IST" duration-ms="7862">
    <groups>
      <group name="regression">
        <method signature="LoginTest.verifyUserIsAbleToLoginUsingValidCredentials()[pri:0, instance:testscript.LoginTest@6a400542]" name="verifyUserIsAbleToLoginUsingValidCredentials" class="testscript.LoginTest"/>
      </group> <!-- regression -->
    </groups>
    <test started-at="2025-08-27T22:00:43 IST" name="Test" finished-at="2025-08-27T22:00:50 IST" duration-ms="7862">
      <class name="testscript.LoginTest">
        <test-method is-config="true" signature="browserInitialization(java.lang.String)[pri:0, instance:testscript.LoginTest@6a400542]" started-at="2025-08-27T22:00:43 IST" name="browserInitialization" finished-at="2025-08-27T22:00:48 IST" duration-ms="5235" status="PASS">
          <params>
            <param index="0">
              <value>
                <![CDATA[chrome]]>
              </value>
            </param>
          </params>
          <reporter-output>
          </reporter-output>
        </test-method> <!-- browserInitialization -->
        <test-method signature="verifyUserIsAbleToLoginUsingValidCredentials()[pri:0, instance:testscript.LoginTest@6a400542]" started-at="2025-08-27T22:00:48 IST" name="verifyUserIsAbleToLoginUsingValidCredentials" description="User Login with Valid Credemtials" finished-at="2025-08-27T22:00:50 IST" duration-ms="1975" status="PASS">
          <reporter-output>
          </reporter-output>
        </test-method> <!-- verifyUserIsAbleToLoginUsingValidCredentials -->
        <test-method is-config="true" signature="browserQuit(org.testng.ITestResult)[pri:0, instance:testscript.LoginTest@6a400542]" started-at="2025-08-27T22:00:50 IST" name="browserQuit" finished-at="2025-08-27T22:00:50 IST" duration-ms="559" status="PASS">
          <params>
            <param index="0">
              <value>
                <![CDATA[[TestResult name=verifyUserIsAbleToLoginUsingValidCredentials status=SUCCESS method=LoginTest.verifyUserIsAbleToLoginUsingValidCredentials()[pri:0, instance:testscript.LoginTest@6a400542] output={null}]]]>
              </value>
            </param>
          </params>
          <reporter-output>
          </reporter-output>
        </test-method> <!-- browserQuit -->
      </class> <!-- testscript.LoginTest -->
    </test> <!-- Test -->
  </suite> <!-- Suite -->
</testng-results>
