<?xml version="1.0" encoding="UTF-8"?>
<!-- Generated by org.testng.reporters.JUnitXMLReporter -->
<testsuite ignored="3" hostname="BASIL" failures="0" tests="1" name="Test" time="7.862" errors="0" timestamp="2025-08-27T22:00:50 IST">
  <testcase classname="testscript.LoginTest" name="verifyUserIsAbleToLoginUsingValidCredentials" time="1.975"/>
  <testcase classname="testscript.LoginTest" name="verifyUserLoginWithInvalidUsernameInvalidPassword" time="0.0">
    <ignored/>
  </testcase> <!-- verifyUserLoginWithInvalidUsernameInvalidPassword -->
  <testcase classname="testscript.LoginTest" name="verifyUserloginWithValidUsernameInvalidPassword" time="0.0">
    <ignored/>
  </testcase> <!-- verifyUserloginWithValidUsernameInvalidPassword -->
  <testcase classname="testscript.LoginTest" name="verifyUserLoginWithInvalidUsernameValidPassword" time="0.0">
    <ignored/>
  </testcase> <!-- verifyUserLoginWithInvalidUsernameValidPassword -->
</testsuite> <!-- Test -->
